<?xml version="1.0" encoding="UTF-8"?>
<!-- Generated by org.testng.reporters.JUnitXMLReporter -->
<testsuite hostname="DELL-PC" ignored="0" name="Default test" tests="6" failures="0" timestamp="16 Dec 2018 06:10:07 GMT" time="163.977" errors="0">
  <testcase name="verifycontactspagelabel" time="0.2" classname="com.crm.qa.testcases.ContactsTest"/>
  <testcase name="selectcontactstest" time="0.243" classname="com.crm.qa.testcases.ContactsTest"/>
  <testcase name="validatecontacts" time="7.196" classname="com.crm.qa.testcases.ContactsTest"/>
  <testcase name="validatecontacts" time="5.325" classname="com.crm.qa.testcases.ContactsTest"/>
  <testcase name="validatecontacts" time="5.019" classname="com.crm.qa.testcases.ContactsTest"/>
  <testcase name="validatecontacts" time="5.219" classname="com.crm.qa.testcases.ContactsTest"/>
</testsuite> <!-- Default test -->
