<?xml version="1.0" encoding="UTF-8" ?>
<testsuite tests="18" failures="1" name="TestSuite" time="335.483" errors="0" skipped="8">
  <properties>
[...]
</properties>
  <testcase classname="com.crm.qa.testcases.ContactsTest" name="verifycontactspagelabel" time="0.844"/>
  <testcase classname="com.crm.qa.testcases.HomePageTest" name="verifyhomepagetitletest" time="0.015"/>
  <testcase classname="com.crm.qa.testcases.LoginPageTest" name="LoginPageTitleTest" time="0.027"/>
  <testcase classname="com.crm.qa.testcases.ContactsTest" name="selectcontactstest" time="5.33"/>
  <testcase classname="com.crm.qa.testcases.HomePageTest" name="verifyusernametest" time="0.631"/>
  <testcase classname="com.crm.qa.testcases.LoginPageTest" name="CrmLogoImageTest" time="0.093"/>
  <testcase classname="com.crm.qa.testcases.ContactsTest" name="validatecontacts" time="11.729"/>
  <testcase classname="com.crm.qa.testcases.ContactsTest" name="setup" time="33.972">
    <failure message="no such window: target window already closed
from unknown error: web view not found
  (Session info: chrome=70.0.3538.110)
  (Driver info: chromedriver=2.38.552522 (437e6fbedfa8762dec75e2c5b3ddb86763dc9dcb),platform=Windows NT 6.1.7601 SP1 x86_64) (WARNING: The server did not provide any stacktrace information)
Command duration or timeout: 0 milliseconds
Build info: version: &apos;3.141.5&apos;, revision: &apos;d54ebd709a&apos;, time: &apos;2018-11-06T11:42:16&apos;
System info: host: &apos;DELL-PC&apos;, ip: &apos;192.168.0.106&apos;, os.name: &apos;Windows 7&apos;, os.arch: &apos;amd64&apos;, os.version: &apos;6.1&apos;, java.version: &apos;1.8.0_191&apos;
Driver info: org.openqa.selenium.chrome.ChromeDriver
Capabilities {acceptInsecureCerts: false, acceptSslCerts: false, applicationCacheEnabled: false, browserConnectionEnabled: false, browserName: chrome, chrome: {chromedriverVersion: 2.38.552522 (437e6fbedfa876..., userDataDir: C:\Users\DELL\AppData\Local...}, cssSelectorsEnabled: true, databaseEnabled: false, handlesAlerts: true, hasTouchScreen: false, javascriptEnabled: true, locationContextEnabled: true, mobileEmulationEnabled: false, nativeEvents: true, networkConnectionEnabled: false, pageLoadStrategy: normal, platform: XP, platformName: XP, rotatable: false, setWindowRect: true, takesHeapSnapshot: true, takesScreenshot: true, unexpectedAlertBehaviour: , unhandledPromptBehavior: , version: 70.0.3538.110, webStorageEnabled: true}
Session ID: 6728ca376e8a5f2abc5595fa4258de1f
*** Element info: {Using=css selector, value=frame[name=&apos;mainpanel&apos;],iframe[name=&apos;mainpanel&apos;]}" type="org.openqa.selenium.NoSuchWindowException">org.openqa.selenium.NoSuchWindowException: no such window: target window already closed
from unknown error: web view not found
  (Session info: chrome=70.0.3538.110)
  (Driver info: chromedriver=2.38.552522 (437e6fbedfa8762dec75e2c5b3ddb86763dc9dcb),platform=Windows NT 6.1.7601 SP1 x86_64) (WARNING: The server did not provide any stacktrace information)
Command duration or timeout: 0 milliseconds
Build info: version: &apos;3.141.5&apos;, revision: &apos;d54ebd709a&apos;, time: &apos;2018-11-06T11:42:16&apos;
System info: host: &apos;DELL-PC&apos;, ip: &apos;192.168.0.106&apos;, os.name: &apos;Windows 7&apos;, os.arch: &apos;amd64&apos;, os.version: &apos;6.1&apos;, java.version: &apos;1.8.0_191&apos;
Driver info: org.openqa.selenium.chrome.ChromeDriver
Capabilities {acceptInsecureCerts: false, acceptSslCerts: false, applicationCacheEnabled: false, browserConnectionEnabled: false, browserName: chrome, chrome: {chromedriverVersion: 2.38.552522 (437e6fbedfa876..., userDataDir: C:\Users\DELL\AppData\Local...}, cssSelectorsEnabled: true, databaseEnabled: false, handlesAlerts: true, hasTouchScreen: false, javascriptEnabled: true, locationContextEnabled: true, mobileEmulationEnabled: false, nativeEvents: true, networkConnectionEnabled: false, pageLoadStrategy: normal, platform: XP, platformName: XP, rotatable: false, setWindowRect: true, takesHeapSnapshot: true, takesScreenshot: true, unexpectedAlertBehaviour: , unhandledPromptBehavior: , version: 70.0.3538.110, webStorageEnabled: true}
Session ID: 6728ca376e8a5f2abc5595fa4258de1f
*** Element info: {Using=css selector, value=frame[name=&apos;mainpanel&apos;],iframe[name=&apos;mainpanel&apos;]}
	at sun.reflect.NativeConstructorAccessorImpl.newInstance0(Native Method)
	at sun.reflect.NativeConstructorAccessorImpl.newInstance(NativeConstructorAccessorImpl.java:62)
	at sun.reflect.DelegatingConstructorAccessorImpl.newInstance(DelegatingConstructorAccessorImpl.java:45)
	at java.lang.reflect.Constructor.newInstance(Constructor.java:423)
	at org.openqa.selenium.remote.ErrorHandler.createThrowable(ErrorHandler.java:214)
	at org.openqa.selenium.remote.ErrorHandler.throwIfResponseFailed(ErrorHandler.java:166)
	at org.openqa.selenium.remote.http.JsonHttpResponseCodec.reconstructValue(JsonHttpResponseCodec.java:40)
	at org.openqa.selenium.remote.http.AbstractHttpResponseCodec.decode(AbstractHttpResponseCodec.java:80)
	at org.openqa.selenium.remote.http.AbstractHttpResponseCodec.decode(AbstractHttpResponseCodec.java:44)
	at org.openqa.selenium.remote.HttpCommandExecutor.execute(HttpCommandExecutor.java:158)
	at org.openqa.selenium.remote.service.DriverCommandExecutor.execute(DriverCommandExecutor.java:83)
	at org.openqa.selenium.remote.RemoteWebDriver.execute(RemoteWebDriver.java:552)
	at org.openqa.selenium.remote.RemoteWebDriver.findElements(RemoteWebDriver.java:353)
	at org.openqa.selenium.remote.RemoteWebDriver.findElementsByCssSelector(RemoteWebDriver.java:424)
	at org.openqa.selenium.By$ByCssSelector.findElements(By.java:441)
	at org.openqa.selenium.remote.RemoteWebDriver.findElements(RemoteWebDriver.java:311)
	at org.openqa.selenium.remote.RemoteWebDriver$RemoteTargetLocator.frame(RemoteWebDriver.java:878)
	at org.openqa.selenium.support.events.EventFiringWebDriver$EventFiringTargetLocator.frame(EventFiringWebDriver.java:702)
	at com.crm.qa.util.UtilTest.switchtoframe(UtilTest.java:31)
	at com.crm.qa.testcases.ContactsTest.setup(ContactsTest.java:42)
</failure>
    <system-out>THE BROWSER NAME ISchrome
THE NAME IS arjunms
THE PASSWORD IS arjunms
Before navigating to: &apos;https://www.freecrm.com&apos;
Navigated to:&apos;https://www.freecrm.com&apos;
Trying to find Element By : By.name: username
Found Element By : By.name: username
Trying to find Element By : By.name: password
Found Element By : By.name: password
Trying to find Element By : By.xpath: //input[@type=&apos;submit&apos;]
Found Element By : By.xpath: //input[@type=&apos;submit&apos;]
Trying to click on: [[ChromeDriver: chrome on XP (6728ca376e8a5f2abc5595fa4258de1f)] -&gt; xpath: //input[@type=&apos;submit&apos;]]
Clicked on: [[ChromeDriver: chrome on XP (6728ca376e8a5f2abc5595fa4258de1f)] -&gt; xpath: //input[@type=&apos;submit&apos;]]
</system-out>
    <system-err>Starting ChromeDriver 2.38.552522 (437e6fbedfa8762dec75e2c5b3ddb86763dc9dcb) on port 16886
Only local connections are allowed.
Dec 16, 2018 8:24:19 PM org.openqa.selenium.remote.ProtocolHandshake createSession
INFO: Detected dialect: OSS
</system-err>
  </testcase>
  <testcase classname="com.crm.qa.testcases.ContactsTest" name="validatecontacts" time="33.974">
    <skipped/>
  </testcase>
  <testcase classname="com.crm.qa.testcases.ContactsTest" name="TearDown" time="33.974">
    <skipped/>
  </testcase>
  <testcase classname="com.crm.qa.testcases.ContactsTest" name="setup" time="33.975">
    <skipped/>
  </testcase>
  <testcase classname="com.crm.qa.testcases.ContactsTest" name="validatecontacts" time="33.975">
    <skipped/>
  </testcase>
  <testcase classname="com.crm.qa.testcases.ContactsTest" name="TearDown" time="33.977">
    <skipped/>
  </testcase>
  <testcase classname="com.crm.qa.testcases.ContactsTest" name="setup" time="33.977">
    <skipped/>
  </testcase>
  <testcase classname="com.crm.qa.testcases.ContactsTest" name="validatecontacts" time="33.977">
    <skipped/>
  </testcase>
  <testcase classname="com.crm.qa.testcases.ContactsTest" name="TearDown" time="33.977">
    <skipped/>
  </testcase>
  <testcase classname="com.crm.qa.testcases.HomePageTest" name="verifycontactslink" time="1.853"/>
  <testcase classname="com.crm.qa.testcases.LoginPageTest" name="LoginTest" time="9.183"/>
</testsuite>