<?xml version="1.0" encoding="UTF-8"?>
<testng-results skipped="0" failed="0" ignored="0" total="6" passed="6">
  <reporter-output>
  </reporter-output>
  <suite name="Default suite" duration-ms="163977" started-at="2018-12-16T06:07:23Z" finished-at="2018-12-16T06:10:07Z">
    <groups>
    </groups>
    <test name="Default test" duration-ms="163977" started-at="2018-12-16T06:07:23Z" finished-at="2018-12-16T06:10:07Z">
      <class name="com.crm.qa.testcases.ContactsTest">
        <test-method status="PASS" signature="setup()[pri:0, instance:com.crm.qa.testcases.ContactsTest@42e26948]" name="setup" is-config="true" duration-ms="28570" started-at="2018-12-16T06:07:23Z" finished-at="2018-12-16T06:07:52Z">
          <reporter-output>
          </reporter-output>
        </test-method> <!-- setup -->
        <test-method status="PASS" signature="verifycontactspagelabel()[pri:1, instance:com.crm.qa.testcases.ContactsTest@42e26948]" name="verifycontactspagelabel" duration-ms="200" started-at="2018-12-16T06:07:52Z" finished-at="2018-12-16T06:07:52Z">
          <reporter-output>
          </reporter-output>
        </test-method> <!-- verifycontactspagelabel -->
        <test-method status="PASS" signature="TearDown()[pri:0, instance:com.crm.qa.testcases.ContactsTest@42e26948]" name="TearDown" is-config="true" duration-ms="667" started-at="2018-12-16T06:07:52Z" finished-at="2018-12-16T06:07:53Z">
          <reporter-output>
          </reporter-output>
        </test-method> <!-- TearDown -->
        <test-method status="PASS" signature="setup()[pri:0, instance:com.crm.qa.testcases.ContactsTest@42e26948]" name="setup" is-config="true" duration-ms="17236" started-at="2018-12-16T06:07:53Z" finished-at="2018-12-16T06:08:10Z">
          <reporter-output>
          </reporter-output>
        </test-method> <!-- setup -->
        <test-method status="PASS" signature="selectcontactstest()[pri:2, instance:com.crm.qa.testcases.ContactsTest@42e26948]" name="selectcontactstest" duration-ms="243" started-at="2018-12-16T06:08:10Z" finished-at="2018-12-16T06:08:10Z">
          <reporter-output>
          </reporter-output>
        </test-method> <!-- selectcontactstest -->
        <test-method status="PASS" signature="TearDown()[pri:0, instance:com.crm.qa.testcases.ContactsTest@42e26948]" name="TearDown" is-config="true" duration-ms="721" started-at="2018-12-16T06:08:10Z" finished-at="2018-12-16T06:08:11Z">
          <reporter-output>
          </reporter-output>
        </test-method> <!-- TearDown -->
        <test-method status="PASS" signature="setup()[pri:0, instance:com.crm.qa.testcases.ContactsTest@42e26948]" name="setup" is-config="true" duration-ms="20676" started-at="2018-12-16T06:08:12Z" finished-at="2018-12-16T06:08:33Z">
          <reporter-output>
          </reporter-output>
        </test-method> <!-- setup -->
        <test-method status="PASS" signature="validatecontacts(java.lang.String, java.lang.String, java.lang.String, java.lang.String)[pri:3, instance:com.crm.qa.testcases.ContactsTest@42e26948]" name="validatecontacts" duration-ms="7196" started-at="2018-12-16T06:08:33Z" data-provider="getdataTest" finished-at="2018-12-16T06:08:40Z">
          <params>
            <param index="0">
              <value>
                <![CDATA[Mr.]]>
              </value>
            </param>
            <param index="1">
              <value>
                <![CDATA[tom]]>
              </value>
            </param>
            <param index="2">
              <value>
                <![CDATA[peter]]>
              </value>
            </param>
            <param index="3">
              <value>
                <![CDATA[google]]>
              </value>
            </param>
          </params>
          <reporter-output>
          </reporter-output>
        </test-method> <!-- validatecontacts -->
        <test-method status="PASS" signature="TearDown()[pri:0, instance:com.crm.qa.testcases.ContactsTest@42e26948]" name="TearDown" is-config="true" duration-ms="611" started-at="2018-12-16T06:08:40Z" finished-at="2018-12-16T06:08:41Z">
          <reporter-output>
          </reporter-output>
        </test-method> <!-- TearDown -->
        <test-method status="PASS" signature="setup()[pri:0, instance:com.crm.qa.testcases.ContactsTest@42e26948]" name="setup" is-config="true" duration-ms="23859" started-at="2018-12-16T06:08:41Z" finished-at="2018-12-16T06:09:05Z">
          <reporter-output>
          </reporter-output>
        </test-method> <!-- setup -->
        <test-method status="PASS" signature="validatecontacts(java.lang.String, java.lang.String, java.lang.String, java.lang.String)[pri:3, instance:com.crm.qa.testcases.ContactsTest@42e26948]" name="validatecontacts" duration-ms="5325" started-at="2018-12-16T06:09:05Z" data-provider="getdataTest" finished-at="2018-12-16T06:09:10Z">
          <params>
            <param index="0">
              <value>
                <![CDATA[Dr.]]>
              </value>
            </param>
            <param index="1">
              <value>
                <![CDATA[david]]>
              </value>
            </param>
            <param index="2">
              <value>
                <![CDATA[chris]]>
              </value>
            </param>
            <param index="3">
              <value>
                <![CDATA[amazon]]>
              </value>
            </param>
          </params>
          <reporter-output>
          </reporter-output>
        </test-method> <!-- validatecontacts -->
        <test-method status="PASS" signature="TearDown()[pri:0, instance:com.crm.qa.testcases.ContactsTest@42e26948]" name="TearDown" is-config="true" duration-ms="604" started-at="2018-12-16T06:09:10Z" finished-at="2018-12-16T06:09:11Z">
          <reporter-output>
          </reporter-output>
        </test-method> <!-- TearDown -->
        <test-method status="PASS" signature="setup()[pri:0, instance:com.crm.qa.testcases.ContactsTest@42e26948]" name="setup" is-config="true" duration-ms="24023" started-at="2018-12-16T06:09:11Z" finished-at="2018-12-16T06:09:35Z">
          <reporter-output>
          </reporter-output>
        </test-method> <!-- setup -->
        <test-method status="PASS" signature="validatecontacts(java.lang.String, java.lang.String, java.lang.String, java.lang.String)[pri:3, instance:com.crm.qa.testcases.ContactsTest@42e26948]" name="validatecontacts" duration-ms="5019" started-at="2018-12-16T06:09:35Z" data-provider="getdataTest" finished-at="2018-12-16T06:09:40Z">
          <params>
            <param index="0">
              <value>
                <![CDATA[Mrs.]]>
              </value>
            </param>
            <param index="1">
              <value>
                <![CDATA[sowmya]]>
              </value>
            </param>
            <param index="2">
              <value>
                <![CDATA[mallanna]]>
              </value>
            </param>
            <param index="3">
              <value>
                <![CDATA[xerox]]>
              </value>
            </param>
          </params>
          <reporter-output>
          </reporter-output>
        </test-method> <!-- validatecontacts -->
        <test-method status="PASS" signature="TearDown()[pri:0, instance:com.crm.qa.testcases.ContactsTest@42e26948]" name="TearDown" is-config="true" duration-ms="631" started-at="2018-12-16T06:09:40Z" finished-at="2018-12-16T06:09:40Z">
          <reporter-output>
          </reporter-output>
        </test-method> <!-- TearDown -->
        <test-method status="PASS" signature="setup()[pri:0, instance:com.crm.qa.testcases.ContactsTest@42e26948]" name="setup" is-config="true" duration-ms="21000" started-at="2018-12-16T06:09:40Z" finished-at="2018-12-16T06:10:01Z">
          <reporter-output>
          </reporter-output>
        </test-method> <!-- setup -->
        <test-method status="PASS" signature="validatecontacts(java.lang.String, java.lang.String, java.lang.String, java.lang.String)[pri:3, instance:com.crm.qa.testcases.ContactsTest@42e26948]" name="validatecontacts" duration-ms="5219" started-at="2018-12-16T06:10:01Z" data-provider="getdataTest" finished-at="2018-12-16T06:10:07Z">
          <params>
            <param index="0">
              <value>
                <![CDATA[Mr.]]>
              </value>
            </param>
            <param index="1">
              <value>
                <![CDATA[arjun]]>
              </value>
            </param>
            <param index="2">
              <value>
                <![CDATA[lohit]]>
              </value>
            </param>
            <param index="3">
              <value>
                <![CDATA[cts]]>
              </value>
            </param>
          </params>
          <reporter-output>
          </reporter-output>
        </test-method> <!-- validatecontacts -->
        <test-method status="PASS" signature="TearDown()[pri:0, instance:com.crm.qa.testcases.ContactsTest@42e26948]" name="TearDown" is-config="true" duration-ms="629" started-at="2018-12-16T06:10:07Z" finished-at="2018-12-16T06:10:07Z">
          <reporter-output>
          </reporter-output>
        </test-method> <!-- TearDown -->
      </class> <!-- com.crm.qa.testcases.ContactsTest -->
    </test> <!-- Default test -->
  </suite> <!-- Default suite -->
</testng-results>
